<?xml version="1.0" encoding="UTF-8"?>
<!-- Generated by org.testng.reporters.JUnitReportReporter -->
<testsuite hostname="DESKTOP-4POG3SJ" name="TestNgDemo.TestNgMaven.AppTest" tests="1" failures="0" timestamp="27 Jun 2020 16:41:07 GMT" time="0.014" errors="0">
  <testcase name="testApp" time="0.014" classname="TestNgDemo.TestNgMaven.AppTest"/>
</testsuite> <!-- TestNgDemo.TestNgMaven.AppTest -->
